main thread 的 vma 應該會包含 thread 的 stack address (thread vma)

# Main thread
[   79.261078] Print all vmas in [1078, 1078]:
[   79.261081] vma #0: [4194304 ~ 4198400]
[   79.261083] vma #1: [6295552 ~ 6299648]
[   79.261085] vma #2: [6299648 ~ 6303744]
[   79.261087] vma #3: [9728000 ~ 9863168]
[   79.261090] vma #4: [139678865776640 ~ 139678867603456]  # shared among 3 threads
[   79.261092] vma #5: [139678867603456 ~ 139678869700608]
[   79.261094] vma #6: [139678869700608 ~ 139678869716992]
[   79.261096] vma #7: [139678869716992 ~ 139678869725184]
[   79.261098] vma #8: [139678869725184 ~ 139678869745664]
[   79.261100] vma #9: [139678869745664 ~ 139678869848064]
[   79.261102] vma #10: [139678869848064 ~ 139678871941120]
[   79.261105] vma #11: [139678871941120 ~ 139678871945216]
[   79.261107] vma #12: [139678871945216 ~ 139678871949312]
[   79.261109] vma #13: [139678871949312 ~ 139678871965696]
[   79.261111] vma #14: [139678871965696 ~ 139678872109056]
[   79.261113] vma #15: [139678874161152 ~ 139678874177536]
[   79.261115] vma #16: [139678874198016 ~ 139678874202112]
[   79.261117] vma #17: [139678874202112 ~ 139678874206208]
[   79.261119] vma #18: [139678874206208 ~ 139678874210304]
[   79.261122] vma #19: [139678874210304 ~ 139678874214400]
[   79.261124] vma #20: [140735639367680 ~ 140735639506944]
[   79.261126] vma #21: [140735640264704 ~ 140735640272896]
[   79.261128] Print all mm segments in [1078, 1078]:
[   79.261130] code segment: [4194304 ~ 4198076]    # contained in vma #0
[   79.261131] data segment: [6299136 ~ 6299776]    # in vma #1 ~ vma #2
[   79.261133] stack segment: [140735639504240 ~]   # in vma #20 ~ vma #21

# Thread 1
[   79.267417] Print all vmas in [1078, 1079]:
[   79.267419] vma #0: [4194304 ~ 4198400]
[   79.267421] vma #1: [6295552 ~ 6299648]
[   79.267423] vma #2: [6299648 ~ 6303744]
[   79.267425] vma #3: [9728000 ~ 9863168]
[   79.267427] vma #4: [139678644699136 ~ 139678644834304]
[   79.267429] vma #5: [139678644834304 ~ 139678711808000]
[   79.267431] vma #6: [139678778916864 ~ 139678779052032]
[   79.267433] vma #7: [139678779052032 ~ 139678846025728]
[   79.267435] vma #8: [139678848991232 ~ 139678848995328]
[   79.267436] vma #9: [139678848995328 ~ 139678857383936]
[   79.267439] vma #10: [139678857383936 ~ 139678857388032]
[   79.267440] vma #11: [139678857388032 ~ 139678865776640] # unique in child threads
[   79.267442] vma #12: [139678865776640 ~ 139678867603456] # shared among 3 threads
[   79.267444] vma #13: [139678867603456 ~ 139678869700608]
[   79.267446] vma #14: [139678869700608 ~ 139678869716992]
[   79.267448] vma #15: [139678869716992 ~ 139678869725184]
[   79.267450] vma #16: [139678869725184 ~ 139678869745664]
[   79.267452] vma #17: [139678869745664 ~ 139678869848064]
[   79.267454] vma #18: [139678869848064 ~ 139678871941120]
[   79.267455] vma #19: [139678871941120 ~ 139678871945216]
[   79.267457] vma #20: [139678871945216 ~ 139678871949312]
[   79.267459] vma #21: [139678871949312 ~ 139678871965696]
[   79.267461] vma #22: [139678871965696 ~ 139678872109056]
[   79.267463] vma #23: [139678874161152 ~ 139678874177536]
[   79.267465] vma #24: [139678874198016 ~ 139678874202112]
[   79.267467] vma #25: [139678874202112 ~ 139678874206208]
[   79.267468] vma #26: [139678874206208 ~ 139678874210304]
[   79.267471] vma #27: [139678874210304 ~ 139678874214400]
[   79.267472] vma #28: [140735639367680 ~ 140735639506944]
[   79.267474] vma #29: [140735640264704 ~ 140735640272896]
[   79.267476] Print all mm segments in [1078, 1079]:
[   79.267478] code segment: [4194304 ~ 4198076]
[   79.267480] data segment: [6299136 ~ 6299776]
[   79.267481] stack segment: [140735639504240 ~]

# Thread 2
[   79.270190] Print all vmas in [1078, 1080]:
[   79.270192] vma #0: [4194304 ~ 4198400]
[   79.270193] vma #1: [6295552 ~ 6299648]
[   79.270194] vma #2: [6299648 ~ 6303744]
[   79.270195] vma #3: [9728000 ~ 9863168]
[   79.270196] vma #4: [139678644699136 ~ 139678644834304]
[   79.270198] vma #5: [139678644834304 ~ 139678711808000]
[   79.270199] vma #6: [139678778916864 ~ 139678779052032]
[   79.270200] vma #7: [139678779052032 ~ 139678846025728]
[   79.270201] vma #8: [139678846803968 ~ 139678846894080]  # unique here
[   79.270202] vma #9: [139678846894080 ~ 139678848987136]  # unique here
[   79.270203] vma #10: [139678848987136 ~ 139678848991232] # unique here
[   79.270205] vma #11: [139678848991232 ~ 139678848995328]
[   79.270206] vma #12: [139678848995328 ~ 139678857383936]
[   79.270207] vma #13: [139678857383936 ~ 139678857388032]
[   79.270208] vma #14: [139678857388032 ~ 139678865776640] # unique in child threads
[   79.270209] vma #15: [139678865776640 ~ 139678867603456] # shared among 3 threads
[   79.270210] vma #16: [139678867603456 ~ 139678869700608]
[   79.270212] vma #17: [139678869700608 ~ 139678869716992]
[   79.270213] vma #18: [139678869716992 ~ 139678869725184]
[   79.270214] vma #19: [139678869725184 ~ 139678869745664]
[   79.270215] vma #20: [139678869745664 ~ 139678869848064]
[   79.270216] vma #21: [139678869848064 ~ 139678871941120]
[   79.270218] vma #22: [139678871941120 ~ 139678871945216]
[   79.270219] vma #23: [139678871945216 ~ 139678871949312]
[   79.270220] vma #24: [139678871949312 ~ 139678871965696]
[   79.270221] vma #25: [139678871965696 ~ 139678872109056]
[   79.270222] vma #26: [139678874161152 ~ 139678874177536]
[   79.270223] vma #27: [139678874198016 ~ 139678874202112]
[   79.270225] vma #28: [139678874202112 ~ 139678874206208]
[   79.270226] vma #29: [139678874206208 ~ 139678874210304]
[   79.270227] vma #30: [139678874210304 ~ 139678874214400]
[   79.270227] vma #31: [140735639367680 ~ 140735639506944]
[   79.270228] vma #32: [140735640264704 ~ 140735640272896]
[   79.270229] Print all mm segments in [1078, 1080]:
[   79.270230] code segment: [4194304 ~ 4198076]
[   79.270231] data segment: [6299136 ~ 6299776]
[   79.270231] stack segment: [140735639504240 ~]
